<?xml version="1.0" encoding="UTF-8"?>
<testng-results ignored="0" total="1" passed="1" failed="0" skipped="0">
  <reporter-output>
  </reporter-output>
  <suite started-at="2024-02-10T15:27:16 IST" name="Default suite" finished-at="2024-02-10T15:27:21 IST" duration-ms="5598">
    <groups>
    </groups>
    <test started-at="2024-02-10T15:27:16 IST" name="Default test" finished-at="2024-02-10T15:27:21 IST" duration-ms="5598">
      <class name="testcl1.firstTest">
        <test-method signature="lauchbrowser()[pri:0, instance:testcl1.firstTest@6d4e5011]" started-at="2024-02-10T15:27:16 IST" name="lauchbrowser" finished-at="2024-02-10T15:27:21 IST" duration-ms="5559" status="PASS">
          <reporter-output>
          </reporter-output>
        </test-method> <!-- lauchbrowser -->
      </class> <!-- testcl1.firstTest -->
    </test> <!-- Default test -->
  </suite> <!-- Default suite -->
</testng-results>
